/*C1*/SET SCHEMA SYSTEM_LOBS
INSERT INTO BLOCKS VALUES(0,2147483647,0)
COMMIT
/*C2*/SET SCHEMA PUBLIC
DISCONNECT
/*C3*/SET SCHEMA PUBLIC
CREATE TABLE "PUBLIC"."flyway_schema_history" (\u000a    "installed_rank" INT NOT NULL,\u000a    "version" VARCHAR(50),\u000a    "description" VARCHAR(200) NOT NULL,\u000a    "type" VARCHAR(20) NOT NULL,\u000a    "script" VARCHAR(1000) NOT NULL,\u000a    "checksum" INT,\u000a    "installed_by" VARCHAR(100) NOT NULL,\u000a    "installed_on" TIMESTAMP DEFAULT CURRENT_TIMESTAMP NOT NULL,\u000a    "execution_time" INT NOT NULL,\u000a    "success" BIT NOT NULL\u000a)
ALTER TABLE "PUBLIC"."flyway_schema_history" ADD CONSTRAINT "flyway_schema_history_pk" PRIMARY KEY ("installed_rank")
CREATE INDEX "PUBLIC"."flyway_schema_history_s_idx" ON "PUBLIC"."flyway_schema_history" ("success")
SET SCHEMA "PUBLIC"
CREATE TABLE IF NOT EXISTS USERS\u000d\u000a(\u000d\u000a    Id INTEGER GENERATED BY DEFAULT AS IDENTITY(START WITH 0) NOT NULL,\u000d\u000a    name VARCHAR (50),\u000d\u000a    surname VARCHAR (50)\u000d\u000a)
INSERT INTO "flyway_schema_history" VALUES(1,'1','create user table','SQL','V1__create_user_table.sql',-322120184,'miguel','2023-12-09 13:25:48.560252',1,'1')
COMMIT
SET SCHEMA "PUBLIC"
DISCONNECT
/*C4*/SET SCHEMA PUBLIC
DISCONNECT
/*C5*/SET SCHEMA PUBLIC
DISCONNECT
/*C6*/SET SCHEMA PUBLIC
DISCONNECT
/*C7*/SET SCHEMA PUBLIC
DISCONNECT
/*C8*/SET SCHEMA PUBLIC
DISCONNECT
/*C9*/SET SCHEMA PUBLIC
DISCONNECT
/*C10*/SET SCHEMA PUBLIC
DISCONNECT
/*C11*/SET SCHEMA PUBLIC
DISCONNECT
/*C12*/SET SCHEMA PUBLIC
DISCONNECT
/*C13*/SET SCHEMA PUBLIC
DISCONNECT
